<?xml version="1.0" encoding="UTF-8"?>
<!-- Generated by org.testng.reporters.JUnitReportReporter -->
<testsuite hostname="Shumson" failures="0" tests="1" name="automation_difficult.SearchPageTest" time="19.167" errors="0" timestamp="2023-06-25T20:22:31 EDT" skipped="0">
  <testcase classname="automation_difficult.SearchPageTest" name="testSearchAndClickProduct" time="19.167"/>
  <system-out/>
</testsuite> <!-- automation_difficult.SearchPageTest -->
