<?xml version="1.0" encoding="UTF-8"?>
<!-- Generated by org.testng.reporters.JUnitReportReporter -->
<testsuite hostname="Shumson" failures="0" tests="1" name="automation.Login" time="6.669" errors="0" timestamp="2023-06-23T23:35:13 EDT" skipped="0">
  <testcase classname="automation.Login" name="verifyLoginWithValidCredentials" time="6.669"/>
  <system-out/>
</testsuite> <!-- automation.Login -->
