<?xml version="1.0" encoding="UTF-8"?>
<!-- Generated by org.testng.reporters.JUnitReportReporter -->
<testsuite hostname="Shumson" failures="0" tests="1" name="automation.FilloutLoginForm" time="12.579" errors="0" timestamp="2023-06-23T23:17:03 EDT" skipped="0">
  <testcase classname="automation.FilloutLoginForm" name="verifyingLoginWithValidCredentials" time="12.579"/>
  <system-out/>
</testsuite> <!-- automation.FilloutLoginForm -->
