<?xml version="1.0" encoding="UTF-8"?>
<!-- Generated by org.testng.reporters.JUnitReportReporter -->
<testsuite hostname="Shumson" failures="0" tests="1" name="automation_medium.HomePageTest" time="8.901" errors="0" timestamp="2023-06-26T20:52:05 EDT" skipped="0">
  <testcase classname="automation_medium.HomePageTest" name="testHomePage" time="8.901"/>
  <system-out/>
</testsuite> <!-- automation_medium.HomePageTest -->
