<?xml version="1.0" encoding="UTF-8"?>
<!-- Generated by org.testng.reporters.JUnitReportReporter -->
<testsuite hostname="Shumson" failures="0" tests="1" name="automation_easy.HomePageTest" time="8.643" errors="0" timestamp="2023-06-26T20:48:10 EDT" skipped="0">
  <testcase classname="automation_easy.HomePageTest" name="testHomePage" time="8.643"/>
  <system-out/>
</testsuite> <!-- automation_easy.HomePageTest -->
