<?xml version="1.0" encoding="UTF-8"?>
<!-- Generated by org.testng.reporters.JUnitReportReporter -->
<testsuite hostname="Shumson" failures="0" tests="1" name="automation.GetAllLinks" time="15.942" errors="0" timestamp="2023-06-23T23:17:44 EDT" skipped="0">
  <testcase classname="automation.GetAllLinks" name="verifyAllLink" time="15.942"/>
  <system-out/>
</testsuite> <!-- automation.GetAllLinks -->
